/home/nichrun/miniconda3/envs/biosimspace-dev/lib/python3.9/site-packages/numpy/core/getlimits.py:499: UserWarning: The value of the smallest subnormal for <class 'numpy.float64'> type is zero.
  setattr(self, word, getattr(machar, word).flat[0])
/home/nichrun/miniconda3/envs/biosimspace-dev/lib/python3.9/site-packages/numpy/core/getlimits.py:89: UserWarning: The value of the smallest subnormal for <class 'numpy.float64'> type is zero.
  return self._float_to_str(self.smallest_subnormal)
/home/nichrun/miniconda3/envs/biosimspace-dev/lib/python3.9/site-packages/numpy/core/getlimits.py:499: UserWarning: The value of the smallest subnormal for <class 'numpy.float32'> type is zero.
  setattr(self, word, getattr(machar, word).flat[0])
/home/nichrun/miniconda3/envs/biosimspace-dev/lib/python3.9/site-packages/numpy/core/getlimits.py:89: UserWarning: The value of the smallest subnormal for <class 'numpy.float32'> type is zero.
  return self._float_to_str(self.smallest_subnormal)
/home/nichrun/miniconda3/envs/biosimspace-dev/share/Sire/scripts/analyse_freenrg.py:588: UserWarning: loadtxt: Empty input file: "lambda_0.0000/simfile.dat"
  data.append(numpy.loadtxt(f))
/home/nichrun/miniconda3/envs/biosimspace-dev/share/Sire/scripts/analyse_freenrg.py:588: UserWarning: loadtxt: Empty input file: "lambda_0.1000/simfile.dat"
  data.append(numpy.loadtxt(f))
/home/nichrun/miniconda3/envs/biosimspace-dev/share/Sire/scripts/analyse_freenrg.py:588: UserWarning: loadtxt: Empty input file: "lambda_0.2000/simfile.dat"
  data.append(numpy.loadtxt(f))
/home/nichrun/miniconda3/envs/biosimspace-dev/share/Sire/scripts/analyse_freenrg.py:588: UserWarning: loadtxt: Empty input file: "lambda_0.3000/simfile.dat"
  data.append(numpy.loadtxt(f))
/home/nichrun/miniconda3/envs/biosimspace-dev/share/Sire/scripts/analyse_freenrg.py:588: UserWarning: loadtxt: Empty input file: "lambda_0.4000/simfile.dat"
  data.append(numpy.loadtxt(f))
/home/nichrun/miniconda3/envs/biosimspace-dev/share/Sire/scripts/analyse_freenrg.py:588: UserWarning: loadtxt: Empty input file: "lambda_0.5000/simfile.dat"
  data.append(numpy.loadtxt(f))
/home/nichrun/miniconda3/envs/biosimspace-dev/share/Sire/scripts/analyse_freenrg.py:588: UserWarning: loadtxt: Empty input file: "lambda_0.6000/simfile.dat"
  data.append(numpy.loadtxt(f))
/home/nichrun/miniconda3/envs/biosimspace-dev/share/Sire/scripts/analyse_freenrg.py:588: UserWarning: loadtxt: Empty input file: "lambda_0.7000/simfile.dat"
  data.append(numpy.loadtxt(f))
/home/nichrun/miniconda3/envs/biosimspace-dev/share/Sire/scripts/analyse_freenrg.py:588: UserWarning: loadtxt: Empty input file: "lambda_0.8000/simfile.dat"
  data.append(numpy.loadtxt(f))
/home/nichrun/miniconda3/envs/biosimspace-dev/share/Sire/scripts/analyse_freenrg.py:588: UserWarning: loadtxt: Empty input file: "lambda_0.9000/simfile.dat"
  data.append(numpy.loadtxt(f))
/home/nichrun/miniconda3/envs/biosimspace-dev/share/Sire/scripts/analyse_freenrg.py:588: UserWarning: loadtxt: Empty input file: "lambda_1.0000/simfile.dat"
  data.append(numpy.loadtxt(f))
Traceback (most recent call last):
  File "/home/nichrun/miniconda3/envs/biosimspace-dev/share/Sire/scripts/analyse_freenrg.py", line 604, in <module>
    grad_kn[k, 0:N_k[k]] = data[k][:, 2]  # get the gradient information
IndexError: too many indices for array: array is 1-dimensional, but 2 were indexed
